Determining if the pthread_create exist failed with the following output:
Change Dir: /home/pi/hjduino_noob_car/CMakeFiles/CMakeTmp

Run Build Command:"/usr/bin/make" "cmTC_31db9/fast"
/usr/bin/make -f CMakeFiles/cmTC_31db9.dir/build.make CMakeFiles/cmTC_31db9.dir/build
make[1]: Entering directory '/home/pi/hjduino_noob_car/CMakeFiles/CMakeTmp'
Building C object CMakeFiles/cmTC_31db9.dir/CheckSymbolExists.c.o
/usr/bin/cc    -o CMakeFiles/cmTC_31db9.dir/CheckSymbolExists.c.o   -c /home/pi/hjduino_noob_car/CMakeFiles/CMakeTmp/CheckSymbolExists.c
Linking C executable cmTC_31db9
/usr/bin/cmake -E cmake_link_script CMakeFiles/cmTC_31db9.dir/link.txt --verbose=1
/usr/bin/cc      -rdynamic CMakeFiles/cmTC_31db9.dir/CheckSymbolExists.c.o  -o cmTC_31db9 
/usr/bin/ld: CMakeFiles/cmTC_31db9.dir/CheckSymbolExists.c.o: in function `main':
CheckSymbolExists.c:(.text+0x38): undefined reference to `pthread_create'
collect2: error: ld returned 1 exit status
make[1]: *** [CMakeFiles/cmTC_31db9.dir/build.make:87: cmTC_31db9] Error 1
make[1]: Leaving directory '/home/pi/hjduino_noob_car/CMakeFiles/CMakeTmp'
make: *** [Makefile:121: cmTC_31db9/fast] Error 2

File /home/pi/hjduino_noob_car/CMakeFiles/CMakeTmp/CheckSymbolExists.c:
/* */
#include <pthread.h>

int main(int argc, char** argv)
{
  (void)argv;
#ifndef pthread_create
  return ((int*)(&pthread_create))[argc];
#else
  (void)argc;
  return 0;
#endif
}

Determining if the function pthread_create exists in the pthreads failed with the following output:
Change Dir: /home/pi/hjduino_noob_car/CMakeFiles/CMakeTmp

Run Build Command:"/usr/bin/make" "cmTC_bbfa3/fast"
/usr/bin/make -f CMakeFiles/cmTC_bbfa3.dir/build.make CMakeFiles/cmTC_bbfa3.dir/build
make[1]: Entering directory '/home/pi/hjduino_noob_car/CMakeFiles/CMakeTmp'
Building C object CMakeFiles/cmTC_bbfa3.dir/CheckFunctionExists.c.o
/usr/bin/cc   -DCHECK_FUNCTION_EXISTS=pthread_create   -o CMakeFiles/cmTC_bbfa3.dir/CheckFunctionExists.c.o   -c /usr/share/cmake-3.13/Modules/CheckFunctionExists.c
Linking C executable cmTC_bbfa3
/usr/bin/cmake -E cmake_link_script CMakeFiles/cmTC_bbfa3.dir/link.txt --verbose=1
/usr/bin/cc  -DCHECK_FUNCTION_EXISTS=pthread_create    -rdynamic CMakeFiles/cmTC_bbfa3.dir/CheckFunctionExists.c.o  -o cmTC_bbfa3 -lpthreads 
/usr/bin/ld: cannot find -lpthreads
collect2: error: ld returned 1 exit status
make[1]: *** [CMakeFiles/cmTC_bbfa3.dir/build.make:87: cmTC_bbfa3] Error 1
make[1]: Leaving directory '/home/pi/hjduino_noob_car/CMakeFiles/CMakeTmp'
make: *** [Makefile:121: cmTC_bbfa3/fast] Error 2


